<?xml version="1.0" encoding="UTF-8"?>
<testng-results skipped="0" failed="0" ignored="0" total="2" passed="2">
  <reporter-output>
  </reporter-output>
  <suite name="Default suite" duration-ms="23369" started-at="2019-10-01T10:02:09Z" finished-at="2019-10-01T10:02:32Z">
    <groups>
    </groups>
    <test name="Default test" duration-ms="23369" started-at="2019-10-01T10:02:09Z" finished-at="2019-10-01T10:02:32Z">
      <class name="TestCases.TestsAPIDemos">
        <test-method status="PASS" signature="beforeConfig()[pri:0, instance:TestCases.TestsAPIDemos@4fb64261]" name="beforeConfig" is-config="true" duration-ms="13424" started-at="2019-10-01T15:31:56Z" finished-at="2019-10-01T15:32:09Z">
          <reporter-output>
          </reporter-output>
        </test-method> <!-- beforeConfig -->
        <test-method status="PASS" signature="HideShowBtns()[pri:0, instance:TestCases.TestsAPIDemos@4fb64261]" name="HideShowBtns" duration-ms="14355" started-at="2019-10-01T15:32:09Z" finished-at="2019-10-01T15:32:23Z">
          <reporter-output>
          </reporter-output>
        </test-method> <!-- HideShowBtns -->
        <test-method status="PASS" signature="afterMethod()[pri:0, instance:TestCases.TestsAPIDemos@4fb64261]" name="afterMethod" is-config="true" duration-ms="657" started-at="2019-10-01T15:32:23Z" finished-at="2019-10-01T15:32:24Z">
          <reporter-output>
          </reporter-output>
        </test-method> <!-- afterMethod -->
        <test-method status="PASS" signature="verify_show_titlebtn()[pri:0, instance:TestCases.TestsAPIDemos@4fb64261]" name="verify_show_titlebtn" duration-ms="8255" started-at="2019-10-01T15:32:24Z" finished-at="2019-10-01T15:32:32Z">
          <reporter-output>
          </reporter-output>
        </test-method> <!-- verify_show_titlebtn -->
        <test-method status="PASS" signature="afterMethod()[pri:0, instance:TestCases.TestsAPIDemos@4fb64261]" name="afterMethod" is-config="true" duration-ms="79" started-at="2019-10-01T15:32:32Z" finished-at="2019-10-01T15:32:32Z">
          <reporter-output>
          </reporter-output>
        </test-method> <!-- afterMethod -->
        <test-method status="PASS" signature="close()[pri:0, instance:TestCases.TestsAPIDemos@4fb64261]" name="close" is-config="true" duration-ms="1965" started-at="2019-10-01T15:32:32Z" finished-at="2019-10-01T15:32:34Z">
          <reporter-output>
          </reporter-output>
        </test-method> <!-- close -->
      </class> <!-- TestCases.TestsAPIDemos -->
    </test> <!-- Default test -->
  </suite> <!-- Default suite -->
</testng-results>
